<?xml version="1.0" encoding="UTF-8"?>
<!-- Generated by org.testng.reporters.JUnitReportReporter -->
<testsuite hostname="LE15-ARE13-IND" failures="0" tests="1" name="a.Demo" time="0.011" errors="0" timestamp="2024-08-31T08:45:54 IST" skipped="0">
  <testcase classname="a.Demo" name="m1" time="0.011"/>
  <system-out/>
</testsuite> <!-- a.Demo -->
