<?xml version="1.0" encoding="UTF-8"?>
<!-- Generated by org.testng.reporters.JUnitReportReporter -->
<testsuite hostname="LE15-ARE13-IND" failures="0" tests="1" name="textscripts.AssesmentsTest" time="11.687" errors="0" timestamp="2024-09-12T23:20:59 IST" skipped="0">
  <testcase classname="textscripts.AssesmentsTest" name="verifyAssesmenetCount" time="11.687"/>
  <system-out/>
</testsuite> <!-- textscripts.AssesmentsTest -->
