<?xml version="1.0" encoding="UTF-8"?>
<!-- Generated by org.testng.reporters.JUnitReportReporter -->
<testsuite hostname="LE15-ARE13-IND" failures="0" tests="1" name="textscripts.LoginTest" time="3.098" errors="0" timestamp="2024-09-11T23:57:21 IST" skipped="0">
  <testcase classname="textscripts.LoginTest" name="loginPage" time="3.098"/>
  <system-out/>
</testsuite> <!-- textscripts.LoginTest -->
