<?xml version="1.0" encoding="UTF-8"?>
<!-- Generated by org.testng.reporters.JUnitReportReporter -->
<testsuite hostname="LE15-ARE13-IND" failures="0" tests="1" name="textscripts.CreateQue_LibraryTest" time="9.440" errors="0" timestamp="2024-09-12T23:34:26 IST" skipped="0">
  <testcase classname="textscripts.CreateQue_LibraryTest" name="verifyCreateMcqQuestion" time="9.440"/>
  <system-out/>
</testsuite> <!-- textscripts.CreateQue_LibraryTest -->
