<?xml version="1.0" encoding="UTF-8"?>
<!-- Generated by org.testng.reporters.JUnitReportReporter -->
<testsuite hostname="LE15-ARE13-IND" failures="0" tests="1" name="textscripts.DashboardTest" time="4.119" errors="0" timestamp="2024-09-12T20:28:53 IST" skipped="0">
  <testcase classname="textscripts.DashboardTest" name="validateDashboardUI" time="4.119"/>
  <system-out/>
</testsuite> <!-- textscripts.DashboardTest -->
